<?xml version="1.0" encoding="UTF-8"?>
<!-- Generated by org.testng.reporters.JUnitReportReporter -->
<testsuite hostname="DESKTOP-LA5R75I" failures="0" tests="3" name="TestN.Priority" time="0.022" errors="0" timestamp="2024-04-12T14:41:12 IST" skipped="0">
  <testcase classname="TestN.Priority" name="logintest" time="0.013"/>
  <system-out/>
  <testcase classname="TestN.Priority" name="Regtest" time="0.005"/>
  <system-out/>
  <testcase classname="TestN.Priority" name="beforeTest" time="0.004"/>
  <system-out/>
</testsuite> <!-- TestN.Priority -->
