<?xml version="1.0" encoding="UTF-8"?>
<!-- Generated by org.testng.reporters.JUnitReportReporter -->
<testsuite hostname="DESKTOP-LA5R75I" failures="0" tests="2" name="TestN.TestNDG_demo" time="0.102" errors="0" timestamp="2024-05-18T13:50:53 IST" skipped="0">
  <testcase classname="TestN.TestNDG_demo" name="logintest" time="0.036"/>
  <system-out/>
  <testcase classname="TestN.TestNDG_demo" name="Regtest" time="0.066"/>
  <system-out/>
</testsuite> <!-- TestN.TestNDG_demo -->
